TN:
SF:script/DeployUserStorage.s.sol
DA:9,0
FN:9,DeployUserStorage.run
FNDA:0,DeployUserStorage.run
DA:10,0
DA:11,0
DA:12,0
FNF:1
FNH:0
LF:4
LH:0
BRF:0
BRH:0
end_of_record
TN:
SF:src/UserStorage.sol
DA:97,16
FN:97,UserStorage.constructor
FNDA:16,UserStorage.constructor
DA:98,16
DA:102,3
FN:102,UserStorage.onlyOwner
FNDA:3,UserStorage.onlyOwner
DA:103,3
BRDA:103,0,0,2
DA:113,11
FN:113,UserStorage.store
FNDA:11,UserStorage.store
DA:120,11
BRDA:120,1,0,1
DA:121,10
DA:122,1
BRDA:122,2,0,1
DA:123,9
DA:124,1
BRDA:124,3,0,1
DA:125,8
BRDA:125,4,0,-
DA:126,8
DA:127,0
BRDA:127,5,0,-
DA:128,8
DA:129,0
BRDA:129,6,0,-
DA:130,8
DA:131,0
BRDA:131,7,0,-
DA:132,8
DA:140,8
DA:145,4
FN:145,UserStorage.getMyData
FNDA:4,UserStorage.getMyData
DA:156,4
DA:157,4
DA:168,1
FN:168,UserStorage.getMySkill
FNDA:1,UserStorage.getMySkill
DA:169,1
DA:170,1
DA:179,1
FN:179,UserStorage.updateMyData
FNDA:1,UserStorage.updateMyData
DA:186,1
DA:187,0
BRDA:187,8,0,-
DA:188,1
BRDA:188,9,0,-
DA:189,1
DA:190,0
BRDA:190,10,0,-
DA:191,1
DA:192,0
BRDA:192,11,0,-
DA:193,1
DA:194,0
BRDA:194,12,0,-
DA:195,1
DA:203,1
DA:207,1
FN:207,UserStorage.deleteMyData
FNDA:1,UserStorage.deleteMyData
DA:208,1
DA:209,1
DA:214,1
FN:214,UserStorage.getOwner
FNDA:1,UserStorage.getOwner
DA:215,1
DA:221,1
FN:221,UserStorage.getUserData
FNDA:1,UserStorage.getUserData
DA:235,0
BRDA:235,13,0,-
DA:236,0
DA:237,0
DA:248,3
FN:248,UserStorage.deleteUserData
FNDA:3,UserStorage.deleteUserData
DA:249,1
BRDA:249,14,0,-
DA:250,1
DA:251,1
DA:255,3
FN:255,UserStorage.withdrawETH
FNDA:3,UserStorage.withdrawETH
DA:256,2
DA:257,2
BRDA:257,15,0,1
DA:258,1
DA:259,1
BRDA:259,16,0,-
DA:263,2
FN:263,UserStorage.receive
FNDA:2,UserStorage.receive
DA:264,2
DA:268,1
FN:268,UserStorage.fallback
FNDA:1,UserStorage.fallback
DA:269,1
FNF:13
FNH:13
LF:59
LH:49
BRF:17
BRH:5
end_of_record
